<?xml version="1.0" encoding="UTF-8"?>
<testsuite xmlns:xsi="http://www.w3.org/2001/XMLSchema-instance" xsi:noNamespaceSchemaLocation="https://maven.apache.org/surefire/maven-surefire-plugin/xsd/surefire-test-report.xsd" name="edu.nwmissouri.mobile.carparking.CarparkingApplicationTests" time="9.94" tests="1" errors="0" skipped="0" failures="0">
  <properties>
    <property name="sun.desktop" value="gnome"/>
    <property name="awt.toolkit" value="sun.awt.X11.XToolkit"/>
    <property name="java.specification.version" value="11"/>
    <property name="sun.cpu.isalist" value=""/>
    <property name="sun.jnu.encoding" value="UTF-8"/>
    <property name="java.class.path" value="/mnt/self/development/freelancing_projects/abhi/car_parking_all_local/carparking/target/test-classes:/mnt/self/development/freelancing_projects/abhi/car_parking_all_local/carparking/target/classes:/mnt/self/resources/maven/org/springframework/boot/spring-boot-starter-data-jpa/2.3.1.RELEASE/spring-boot-starter-data-jpa-2.3.1.RELEASE.jar:/mnt/self/resources/maven/org/springframework/boot/spring-boot-starter-aop/2.3.1.RELEASE/spring-boot-starter-aop-2.3.1.RELEASE.jar:/mnt/self/resources/maven/org/aspectj/aspectjweaver/1.9.5/aspectjweaver-1.9.5.jar:/mnt/self/resources/maven/org/springframework/boot/spring-boot-starter-jdbc/2.3.1.RELEASE/spring-boot-starter-jdbc-2.3.1.RELEASE.jar:/mnt/self/resources/maven/com/zaxxer/HikariCP/3.4.5/HikariCP-3.4.5.jar:/mnt/self/resources/maven/org/springframework/spring-jdbc/5.2.7.RELEASE/spring-jdbc-5.2.7.RELEASE.jar:/mnt/self/resources/maven/jakarta/transaction/jakarta.transaction-api/1.3.3/jakarta.transaction-api-1.3.3.jar:/mnt/self/resources/maven/jakarta/persistence/jakarta.persistence-api/2.2.3/jakarta.persistence-api-2.2.3.jar:/mnt/self/resources/maven/org/hibernate/hibernate-core/5.4.17.Final/hibernate-core-5.4.17.Final.jar:/mnt/self/resources/maven/org/jboss/logging/jboss-logging/3.4.1.Final/jboss-logging-3.4.1.Final.jar:/mnt/self/resources/maven/org/javassist/javassist/3.24.0-GA/javassist-3.24.0-GA.jar:/mnt/self/resources/maven/net/bytebuddy/byte-buddy/1.10.11/byte-buddy-1.10.11.jar:/mnt/self/resources/maven/antlr/antlr/2.7.7/antlr-2.7.7.jar:/mnt/self/resources/maven/org/jboss/jandex/2.1.3.Final/jandex-2.1.3.Final.jar:/mnt/self/resources/maven/com/fasterxml/classmate/1.5.1/classmate-1.5.1.jar:/mnt/self/resources/maven/org/dom4j/dom4j/2.1.3/dom4j-2.1.3.jar:/mnt/self/resources/maven/org/hibernate/common/hibernate-commons-annotations/5.1.0.Final/hibernate-commons-annotations-5.1.0.Final.jar:/mnt/self/resources/maven/org/glassfish/jaxb/jaxb-runtime/2.3.3/jaxb-runtime-2.3.3.jar:/mnt/self/resources/maven/org/glassfish/jaxb/txw2/2.3.3/txw2-2.3.3.jar:/mnt/self/resources/maven/com/sun/istack/istack-commons-runtime/3.0.11/istack-commons-runtime-3.0.11.jar:/mnt/self/resources/maven/org/springframework/data/spring-data-jpa/2.3.1.RELEASE/spring-data-jpa-2.3.1.RELEASE.jar:/mnt/self/resources/maven/org/springframework/data/spring-data-commons/2.3.1.RELEASE/spring-data-commons-2.3.1.RELEASE.jar:/mnt/self/resources/maven/org/springframework/spring-orm/5.2.7.RELEASE/spring-orm-5.2.7.RELEASE.jar:/mnt/self/resources/maven/org/springframework/spring-context/5.2.7.RELEASE/spring-context-5.2.7.RELEASE.jar:/mnt/self/resources/maven/org/springframework/spring-tx/5.2.7.RELEASE/spring-tx-5.2.7.RELEASE.jar:/mnt/self/resources/maven/org/springframework/spring-beans/5.2.7.RELEASE/spring-beans-5.2.7.RELEASE.jar:/mnt/self/resources/maven/org/slf4j/slf4j-api/1.7.30/slf4j-api-1.7.30.jar:/mnt/self/resources/maven/org/springframework/spring-aspects/5.2.7.RELEASE/spring-aspects-5.2.7.RELEASE.jar:/mnt/self/resources/maven/org/springframework/boot/spring-boot-starter-security/2.3.1.RELEASE/spring-boot-starter-security-2.3.1.RELEASE.jar:/mnt/self/resources/maven/org/springframework/boot/spring-boot-starter/2.3.1.RELEASE/spring-boot-starter-2.3.1.RELEASE.jar:/mnt/self/resources/maven/org/springframework/boot/spring-boot/2.3.1.RELEASE/spring-boot-2.3.1.RELEASE.jar:/mnt/self/resources/maven/org/springframework/boot/spring-boot-autoconfigure/2.3.1.RELEASE/spring-boot-autoconfigure-2.3.1.RELEASE.jar:/mnt/self/resources/maven/org/springframework/boot/spring-boot-starter-logging/2.3.1.RELEASE/spring-boot-starter-logging-2.3.1.RELEASE.jar:/mnt/self/resources/maven/ch/qos/logback/logback-classic/1.2.3/logback-classic-1.2.3.jar:/mnt/self/resources/maven/ch/qos/logback/logback-core/1.2.3/logback-core-1.2.3.jar:/mnt/self/resources/maven/org/apache/logging/log4j/log4j-to-slf4j/2.13.3/log4j-to-slf4j-2.13.3.jar:/mnt/self/resources/maven/org/apache/logging/log4j/log4j-api/2.13.3/log4j-api-2.13.3.jar:/mnt/self/resources/maven/org/slf4j/jul-to-slf4j/1.7.30/jul-to-slf4j-1.7.30.jar:/mnt/self/resources/maven/jakarta/annotation/jakarta.annotation-api/1.3.5/jakarta.annotation-api-1.3.5.jar:/mnt/self/resources/maven/org/yaml/snakeyaml/1.26/snakeyaml-1.26.jar:/mnt/self/resources/maven/org/springframework/spring-aop/5.2.7.RELEASE/spring-aop-5.2.7.RELEASE.jar:/mnt/self/resources/maven/org/springframework/security/spring-security-config/5.3.3.RELEASE/spring-security-config-5.3.3.RELEASE.jar:/mnt/self/resources/maven/org/springframework/security/spring-security-web/5.3.3.RELEASE/spring-security-web-5.3.3.RELEASE.jar:/mnt/self/resources/maven/org/springframework/spring-expression/5.2.7.RELEASE/spring-expression-5.2.7.RELEASE.jar:/mnt/self/resources/maven/org/springframework/boot/spring-boot-starter-web/2.3.1.RELEASE/spring-boot-starter-web-2.3.1.RELEASE.jar:/mnt/self/resources/maven/org/springframework/boot/spring-boot-starter-json/2.3.1.RELEASE/spring-boot-starter-json-2.3.1.RELEASE.jar:/mnt/self/resources/maven/com/fasterxml/jackson/datatype/jackson-datatype-jdk8/2.11.0/jackson-datatype-jdk8-2.11.0.jar:/mnt/self/resources/maven/com/fasterxml/jackson/datatype/jackson-datatype-jsr310/2.11.0/jackson-datatype-jsr310-2.11.0.jar:/mnt/self/resources/maven/com/fasterxml/jackson/module/jackson-module-parameter-names/2.11.0/jackson-module-parameter-names-2.11.0.jar:/mnt/self/resources/maven/org/springframework/boot/spring-boot-starter-tomcat/2.3.1.RELEASE/spring-boot-starter-tomcat-2.3.1.RELEASE.jar:/mnt/self/resources/maven/org/apache/tomcat/embed/tomcat-embed-core/9.0.36/tomcat-embed-core-9.0.36.jar:/mnt/self/resources/maven/org/glassfish/jakarta.el/3.0.3/jakarta.el-3.0.3.jar:/mnt/self/resources/maven/org/apache/tomcat/embed/tomcat-embed-websocket/9.0.36/tomcat-embed-websocket-9.0.36.jar:/mnt/self/resources/maven/org/springframework/spring-web/5.2.7.RELEASE/spring-web-5.2.7.RELEASE.jar:/mnt/self/resources/maven/org/springframework/spring-webmvc/5.2.7.RELEASE/spring-webmvc-5.2.7.RELEASE.jar:/mnt/self/resources/maven/io/vavr/vavr/0.10.3/vavr-0.10.3.jar:/mnt/self/resources/maven/io/vavr/vavr-match/0.10.3/vavr-match-0.10.3.jar:/mnt/self/resources/maven/io/jsonwebtoken/jjwt/0.9.1/jjwt-0.9.1.jar:/mnt/self/resources/maven/com/fasterxml/jackson/core/jackson-databind/2.11.0/jackson-databind-2.11.0.jar:/mnt/self/resources/maven/com/fasterxml/jackson/core/jackson-annotations/2.11.0/jackson-annotations-2.11.0.jar:/mnt/self/resources/maven/com/fasterxml/jackson/core/jackson-core/2.11.0/jackson-core-2.11.0.jar:/mnt/self/resources/maven/org/springframework/boot/spring-boot-starter-mail/2.3.1.RELEASE/spring-boot-starter-mail-2.3.1.RELEASE.jar:/mnt/self/resources/maven/org/springframework/spring-context-support/5.2.7.RELEASE/spring-context-support-5.2.7.RELEASE.jar:/mnt/self/resources/maven/com/sun/mail/jakarta.mail/1.6.5/jakarta.mail-1.6.5.jar:/mnt/self/resources/maven/com/sun/activation/jakarta.activation/1.2.2/jakarta.activation-1.2.2.jar:/mnt/self/resources/maven/org/projectlombok/lombok/1.18.12/lombok-1.18.12.jar:/mnt/self/resources/maven/org/postgresql/postgresql/42.2.14/postgresql-42.2.14.jar:/mnt/self/resources/maven/org/springframework/boot/spring-boot-starter-test/2.3.1.RELEASE/spring-boot-starter-test-2.3.1.RELEASE.jar:/mnt/self/resources/maven/org/springframework/boot/spring-boot-test/2.3.1.RELEASE/spring-boot-test-2.3.1.RELEASE.jar:/mnt/self/resources/maven/org/springframework/boot/spring-boot-test-autoconfigure/2.3.1.RELEASE/spring-boot-test-autoconfigure-2.3.1.RELEASE.jar:/mnt/self/resources/maven/com/jayway/jsonpath/json-path/2.4.0/json-path-2.4.0.jar:/mnt/self/resources/maven/net/minidev/json-smart/2.3/json-smart-2.3.jar:/mnt/self/resources/maven/net/minidev/accessors-smart/1.2/accessors-smart-1.2.jar:/mnt/self/resources/maven/org/ow2/asm/asm/5.0.4/asm-5.0.4.jar:/mnt/self/resources/maven/jakarta/xml/bind/jakarta.xml.bind-api/2.3.3/jakarta.xml.bind-api-2.3.3.jar:/mnt/self/resources/maven/jakarta/activation/jakarta.activation-api/1.2.2/jakarta.activation-api-1.2.2.jar:/mnt/self/resources/maven/org/assertj/assertj-core/3.16.1/assertj-core-3.16.1.jar:/mnt/self/resources/maven/org/hamcrest/hamcrest/2.2/hamcrest-2.2.jar:/mnt/self/resources/maven/org/junit/jupiter/junit-jupiter/5.6.2/junit-jupiter-5.6.2.jar:/mnt/self/resources/maven/org/junit/jupiter/junit-jupiter-api/5.6.2/junit-jupiter-api-5.6.2.jar:/mnt/self/resources/maven/org/apiguardian/apiguardian-api/1.1.0/apiguardian-api-1.1.0.jar:/mnt/self/resources/maven/org/opentest4j/opentest4j/1.2.0/opentest4j-1.2.0.jar:/mnt/self/resources/maven/org/junit/platform/junit-platform-commons/1.6.2/junit-platform-commons-1.6.2.jar:/mnt/self/resources/maven/org/junit/jupiter/junit-jupiter-params/5.6.2/junit-jupiter-params-5.6.2.jar:/mnt/self/resources/maven/org/junit/jupiter/junit-jupiter-engine/5.6.2/junit-jupiter-engine-5.6.2.jar:/mnt/self/resources/maven/org/junit/platform/junit-platform-engine/1.6.2/junit-platform-engine-1.6.2.jar:/mnt/self/resources/maven/org/mockito/mockito-core/3.3.3/mockito-core-3.3.3.jar:/mnt/self/resources/maven/net/bytebuddy/byte-buddy-agent/1.10.11/byte-buddy-agent-1.10.11.jar:/mnt/self/resources/maven/org/objenesis/objenesis/2.6/objenesis-2.6.jar:/mnt/self/resources/maven/org/mockito/mockito-junit-jupiter/3.3.3/mockito-junit-jupiter-3.3.3.jar:/mnt/self/resources/maven/org/skyscreamer/jsonassert/1.5.0/jsonassert-1.5.0.jar:/mnt/self/resources/maven/com/vaadin/external/google/android-json/0.0.20131108.vaadin1/android-json-0.0.20131108.vaadin1.jar:/mnt/self/resources/maven/org/springframework/spring-core/5.2.7.RELEASE/spring-core-5.2.7.RELEASE.jar:/mnt/self/resources/maven/org/springframework/spring-jcl/5.2.7.RELEASE/spring-jcl-5.2.7.RELEASE.jar:/mnt/self/resources/maven/org/springframework/spring-test/5.2.7.RELEASE/spring-test-5.2.7.RELEASE.jar:/mnt/self/resources/maven/org/xmlunit/xmlunit-core/2.7.0/xmlunit-core-2.7.0.jar:/mnt/self/resources/maven/org/springframework/security/spring-security-test/5.3.3.RELEASE/spring-security-test-5.3.3.RELEASE.jar:/mnt/self/resources/maven/org/springframework/security/spring-security-core/5.3.3.RELEASE/spring-security-core-5.3.3.RELEASE.jar:"/>
    <property name="java.vm.vendor" value="Ubuntu"/>
    <property name="sun.arch.data.model" value="64"/>
    <property name="java.vendor.url" value="https://ubuntu.com/"/>
    <property name="user.timezone" value=""/>
    <property name="java.vm.specification.version" value="11"/>
    <property name="os.name" value="Linux"/>
    <property name="sun.java.launcher" value="SUN_STANDARD"/>
    <property name="user.country" value="IN"/>
    <property name="sun.boot.library.path" value="/usr/lib/jvm/java-11-openjdk-amd64/lib"/>
    <property name="sun.java.command" value="/mnt/self/development/freelancing_projects/abhi/car_parking_all_local/carparking/target/surefire/surefirebooter11317083354275903582.jar /mnt/self/development/freelancing_projects/abhi/car_parking_all_local/carparking/target/surefire 2020-06-25T16-20-31_167-jvmRun1 surefire7037625923239306725tmp surefire_012155063731813204469tmp"/>
    <property name="jdk.debug" value="release"/>
    <property name="surefire.test.class.path" value="/mnt/self/development/freelancing_projects/abhi/car_parking_all_local/carparking/target/test-classes:/mnt/self/development/freelancing_projects/abhi/car_parking_all_local/carparking/target/classes:/mnt/self/resources/maven/org/springframework/boot/spring-boot-starter-data-jpa/2.3.1.RELEASE/spring-boot-starter-data-jpa-2.3.1.RELEASE.jar:/mnt/self/resources/maven/org/springframework/boot/spring-boot-starter-aop/2.3.1.RELEASE/spring-boot-starter-aop-2.3.1.RELEASE.jar:/mnt/self/resources/maven/org/aspectj/aspectjweaver/1.9.5/aspectjweaver-1.9.5.jar:/mnt/self/resources/maven/org/springframework/boot/spring-boot-starter-jdbc/2.3.1.RELEASE/spring-boot-starter-jdbc-2.3.1.RELEASE.jar:/mnt/self/resources/maven/com/zaxxer/HikariCP/3.4.5/HikariCP-3.4.5.jar:/mnt/self/resources/maven/org/springframework/spring-jdbc/5.2.7.RELEASE/spring-jdbc-5.2.7.RELEASE.jar:/mnt/self/resources/maven/jakarta/transaction/jakarta.transaction-api/1.3.3/jakarta.transaction-api-1.3.3.jar:/mnt/self/resources/maven/jakarta/persistence/jakarta.persistence-api/2.2.3/jakarta.persistence-api-2.2.3.jar:/mnt/self/resources/maven/org/hibernate/hibernate-core/5.4.17.Final/hibernate-core-5.4.17.Final.jar:/mnt/self/resources/maven/org/jboss/logging/jboss-logging/3.4.1.Final/jboss-logging-3.4.1.Final.jar:/mnt/self/resources/maven/org/javassist/javassist/3.24.0-GA/javassist-3.24.0-GA.jar:/mnt/self/resources/maven/net/bytebuddy/byte-buddy/1.10.11/byte-buddy-1.10.11.jar:/mnt/self/resources/maven/antlr/antlr/2.7.7/antlr-2.7.7.jar:/mnt/self/resources/maven/org/jboss/jandex/2.1.3.Final/jandex-2.1.3.Final.jar:/mnt/self/resources/maven/com/fasterxml/classmate/1.5.1/classmate-1.5.1.jar:/mnt/self/resources/maven/org/dom4j/dom4j/2.1.3/dom4j-2.1.3.jar:/mnt/self/resources/maven/org/hibernate/common/hibernate-commons-annotations/5.1.0.Final/hibernate-commons-annotations-5.1.0.Final.jar:/mnt/self/resources/maven/org/glassfish/jaxb/jaxb-runtime/2.3.3/jaxb-runtime-2.3.3.jar:/mnt/self/resources/maven/org/glassfish/jaxb/txw2/2.3.3/txw2-2.3.3.jar:/mnt/self/resources/maven/com/sun/istack/istack-commons-runtime/3.0.11/istack-commons-runtime-3.0.11.jar:/mnt/self/resources/maven/org/springframework/data/spring-data-jpa/2.3.1.RELEASE/spring-data-jpa-2.3.1.RELEASE.jar:/mnt/self/resources/maven/org/springframework/data/spring-data-commons/2.3.1.RELEASE/spring-data-commons-2.3.1.RELEASE.jar:/mnt/self/resources/maven/org/springframework/spring-orm/5.2.7.RELEASE/spring-orm-5.2.7.RELEASE.jar:/mnt/self/resources/maven/org/springframework/spring-context/5.2.7.RELEASE/spring-context-5.2.7.RELEASE.jar:/mnt/self/resources/maven/org/springframework/spring-tx/5.2.7.RELEASE/spring-tx-5.2.7.RELEASE.jar:/mnt/self/resources/maven/org/springframework/spring-beans/5.2.7.RELEASE/spring-beans-5.2.7.RELEASE.jar:/mnt/self/resources/maven/org/slf4j/slf4j-api/1.7.30/slf4j-api-1.7.30.jar:/mnt/self/resources/maven/org/springframework/spring-aspects/5.2.7.RELEASE/spring-aspects-5.2.7.RELEASE.jar:/mnt/self/resources/maven/org/springframework/boot/spring-boot-starter-security/2.3.1.RELEASE/spring-boot-starter-security-2.3.1.RELEASE.jar:/mnt/self/resources/maven/org/springframework/boot/spring-boot-starter/2.3.1.RELEASE/spring-boot-starter-2.3.1.RELEASE.jar:/mnt/self/resources/maven/org/springframework/boot/spring-boot/2.3.1.RELEASE/spring-boot-2.3.1.RELEASE.jar:/mnt/self/resources/maven/org/springframework/boot/spring-boot-autoconfigure/2.3.1.RELEASE/spring-boot-autoconfigure-2.3.1.RELEASE.jar:/mnt/self/resources/maven/org/springframework/boot/spring-boot-starter-logging/2.3.1.RELEASE/spring-boot-starter-logging-2.3.1.RELEASE.jar:/mnt/self/resources/maven/ch/qos/logback/logback-classic/1.2.3/logback-classic-1.2.3.jar:/mnt/self/resources/maven/ch/qos/logback/logback-core/1.2.3/logback-core-1.2.3.jar:/mnt/self/resources/maven/org/apache/logging/log4j/log4j-to-slf4j/2.13.3/log4j-to-slf4j-2.13.3.jar:/mnt/self/resources/maven/org/apache/logging/log4j/log4j-api/2.13.3/log4j-api-2.13.3.jar:/mnt/self/resources/maven/org/slf4j/jul-to-slf4j/1.7.30/jul-to-slf4j-1.7.30.jar:/mnt/self/resources/maven/jakarta/annotation/jakarta.annotation-api/1.3.5/jakarta.annotation-api-1.3.5.jar:/mnt/self/resources/maven/org/yaml/snakeyaml/1.26/snakeyaml-1.26.jar:/mnt/self/resources/maven/org/springframework/spring-aop/5.2.7.RELEASE/spring-aop-5.2.7.RELEASE.jar:/mnt/self/resources/maven/org/springframework/security/spring-security-config/5.3.3.RELEASE/spring-security-config-5.3.3.RELEASE.jar:/mnt/self/resources/maven/org/springframework/security/spring-security-web/5.3.3.RELEASE/spring-security-web-5.3.3.RELEASE.jar:/mnt/self/resources/maven/org/springframework/spring-expression/5.2.7.RELEASE/spring-expression-5.2.7.RELEASE.jar:/mnt/self/resources/maven/org/springframework/boot/spring-boot-starter-web/2.3.1.RELEASE/spring-boot-starter-web-2.3.1.RELEASE.jar:/mnt/self/resources/maven/org/springframework/boot/spring-boot-starter-json/2.3.1.RELEASE/spring-boot-starter-json-2.3.1.RELEASE.jar:/mnt/self/resources/maven/com/fasterxml/jackson/datatype/jackson-datatype-jdk8/2.11.0/jackson-datatype-jdk8-2.11.0.jar:/mnt/self/resources/maven/com/fasterxml/jackson/datatype/jackson-datatype-jsr310/2.11.0/jackson-datatype-jsr310-2.11.0.jar:/mnt/self/resources/maven/com/fasterxml/jackson/module/jackson-module-parameter-names/2.11.0/jackson-module-parameter-names-2.11.0.jar:/mnt/self/resources/maven/org/springframework/boot/spring-boot-starter-tomcat/2.3.1.RELEASE/spring-boot-starter-tomcat-2.3.1.RELEASE.jar:/mnt/self/resources/maven/org/apache/tomcat/embed/tomcat-embed-core/9.0.36/tomcat-embed-core-9.0.36.jar:/mnt/self/resources/maven/org/glassfish/jakarta.el/3.0.3/jakarta.el-3.0.3.jar:/mnt/self/resources/maven/org/apache/tomcat/embed/tomcat-embed-websocket/9.0.36/tomcat-embed-websocket-9.0.36.jar:/mnt/self/resources/maven/org/springframework/spring-web/5.2.7.RELEASE/spring-web-5.2.7.RELEASE.jar:/mnt/self/resources/maven/org/springframework/spring-webmvc/5.2.7.RELEASE/spring-webmvc-5.2.7.RELEASE.jar:/mnt/self/resources/maven/io/vavr/vavr/0.10.3/vavr-0.10.3.jar:/mnt/self/resources/maven/io/vavr/vavr-match/0.10.3/vavr-match-0.10.3.jar:/mnt/self/resources/maven/io/jsonwebtoken/jjwt/0.9.1/jjwt-0.9.1.jar:/mnt/self/resources/maven/com/fasterxml/jackson/core/jackson-databind/2.11.0/jackson-databind-2.11.0.jar:/mnt/self/resources/maven/com/fasterxml/jackson/core/jackson-annotations/2.11.0/jackson-annotations-2.11.0.jar:/mnt/self/resources/maven/com/fasterxml/jackson/core/jackson-core/2.11.0/jackson-core-2.11.0.jar:/mnt/self/resources/maven/org/springframework/boot/spring-boot-starter-mail/2.3.1.RELEASE/spring-boot-starter-mail-2.3.1.RELEASE.jar:/mnt/self/resources/maven/org/springframework/spring-context-support/5.2.7.RELEASE/spring-context-support-5.2.7.RELEASE.jar:/mnt/self/resources/maven/com/sun/mail/jakarta.mail/1.6.5/jakarta.mail-1.6.5.jar:/mnt/self/resources/maven/com/sun/activation/jakarta.activation/1.2.2/jakarta.activation-1.2.2.jar:/mnt/self/resources/maven/org/projectlombok/lombok/1.18.12/lombok-1.18.12.jar:/mnt/self/resources/maven/org/postgresql/postgresql/42.2.14/postgresql-42.2.14.jar:/mnt/self/resources/maven/org/springframework/boot/spring-boot-starter-test/2.3.1.RELEASE/spring-boot-starter-test-2.3.1.RELEASE.jar:/mnt/self/resources/maven/org/springframework/boot/spring-boot-test/2.3.1.RELEASE/spring-boot-test-2.3.1.RELEASE.jar:/mnt/self/resources/maven/org/springframework/boot/spring-boot-test-autoconfigure/2.3.1.RELEASE/spring-boot-test-autoconfigure-2.3.1.RELEASE.jar:/mnt/self/resources/maven/com/jayway/jsonpath/json-path/2.4.0/json-path-2.4.0.jar:/mnt/self/resources/maven/net/minidev/json-smart/2.3/json-smart-2.3.jar:/mnt/self/resources/maven/net/minidev/accessors-smart/1.2/accessors-smart-1.2.jar:/mnt/self/resources/maven/org/ow2/asm/asm/5.0.4/asm-5.0.4.jar:/mnt/self/resources/maven/jakarta/xml/bind/jakarta.xml.bind-api/2.3.3/jakarta.xml.bind-api-2.3.3.jar:/mnt/self/resources/maven/jakarta/activation/jakarta.activation-api/1.2.2/jakarta.activation-api-1.2.2.jar:/mnt/self/resources/maven/org/assertj/assertj-core/3.16.1/assertj-core-3.16.1.jar:/mnt/self/resources/maven/org/hamcrest/hamcrest/2.2/hamcrest-2.2.jar:/mnt/self/resources/maven/org/junit/jupiter/junit-jupiter/5.6.2/junit-jupiter-5.6.2.jar:/mnt/self/resources/maven/org/junit/jupiter/junit-jupiter-api/5.6.2/junit-jupiter-api-5.6.2.jar:/mnt/self/resources/maven/org/apiguardian/apiguardian-api/1.1.0/apiguardian-api-1.1.0.jar:/mnt/self/resources/maven/org/opentest4j/opentest4j/1.2.0/opentest4j-1.2.0.jar:/mnt/self/resources/maven/org/junit/platform/junit-platform-commons/1.6.2/junit-platform-commons-1.6.2.jar:/mnt/self/resources/maven/org/junit/jupiter/junit-jupiter-params/5.6.2/junit-jupiter-params-5.6.2.jar:/mnt/self/resources/maven/org/junit/jupiter/junit-jupiter-engine/5.6.2/junit-jupiter-engine-5.6.2.jar:/mnt/self/resources/maven/org/junit/platform/junit-platform-engine/1.6.2/junit-platform-engine-1.6.2.jar:/mnt/self/resources/maven/org/mockito/mockito-core/3.3.3/mockito-core-3.3.3.jar:/mnt/self/resources/maven/net/bytebuddy/byte-buddy-agent/1.10.11/byte-buddy-agent-1.10.11.jar:/mnt/self/resources/maven/org/objenesis/objenesis/2.6/objenesis-2.6.jar:/mnt/self/resources/maven/org/mockito/mockito-junit-jupiter/3.3.3/mockito-junit-jupiter-3.3.3.jar:/mnt/self/resources/maven/org/skyscreamer/jsonassert/1.5.0/jsonassert-1.5.0.jar:/mnt/self/resources/maven/com/vaadin/external/google/android-json/0.0.20131108.vaadin1/android-json-0.0.20131108.vaadin1.jar:/mnt/self/resources/maven/org/springframework/spring-core/5.2.7.RELEASE/spring-core-5.2.7.RELEASE.jar:/mnt/self/resources/maven/org/springframework/spring-jcl/5.2.7.RELEASE/spring-jcl-5.2.7.RELEASE.jar:/mnt/self/resources/maven/org/springframework/spring-test/5.2.7.RELEASE/spring-test-5.2.7.RELEASE.jar:/mnt/self/resources/maven/org/xmlunit/xmlunit-core/2.7.0/xmlunit-core-2.7.0.jar:/mnt/self/resources/maven/org/springframework/security/spring-security-test/5.3.3.RELEASE/spring-security-test-5.3.3.RELEASE.jar:/mnt/self/resources/maven/org/springframework/security/spring-security-core/5.3.3.RELEASE/spring-security-core-5.3.3.RELEASE.jar:"/>
    <property name="sun.cpu.endian" value="little"/>
    <property name="user.home" value="/home/pcnicky"/>
    <property name="user.language" value="en"/>
    <property name="java.specification.vendor" value="Oracle Corporation"/>
    <property name="java.version.date" value="2020-04-14"/>
    <property name="java.home" value="/usr/lib/jvm/java-11-openjdk-amd64"/>
    <property name="file.separator" value="/"/>
    <property name="basedir" value="/mnt/self/development/freelancing_projects/abhi/car_parking_all_local/carparking"/>
    <property name="java.vm.compressedOopsMode" value="Zero based"/>
    <property name="line.separator" value="&#10;"/>
    <property name="java.specification.name" value="Java Platform API Specification"/>
    <property name="java.vm.specification.vendor" value="Oracle Corporation"/>
    <property name="java.awt.graphicsenv" value="sun.awt.X11GraphicsEnvironment"/>
    <property name="surefire.real.class.path" value="/mnt/self/development/freelancing_projects/abhi/car_parking_all_local/carparking/target/surefire/surefirebooter11317083354275903582.jar"/>
    <property name="sun.management.compiler" value="HotSpot 64-Bit Tiered Compilers"/>
    <property name="java.runtime.version" value="11.0.7+10-post-Ubuntu-3ubuntu1"/>
    <property name="user.name" value="pcnicky"/>
    <property name="path.separator" value=":"/>
    <property name="os.version" value="5.4.0-37-generic"/>
    <property name="java.runtime.name" value="OpenJDK Runtime Environment"/>
    <property name="file.encoding" value="UTF-8"/>
    <property name="java.vm.name" value="OpenJDK 64-Bit Server VM"/>
    <property name="localRepository" value="/mnt/self/resources/maven"/>
    <property name="java.vendor.url.bug" value="https://bugs.launchpad.net/ubuntu/+source/openjdk-lts"/>
    <property name="java.io.tmpdir" value="/tmp"/>
    <property name="java.version" value="11.0.7"/>
    <property name="user.dir" value="/mnt/self/development/freelancing_projects/abhi/car_parking_all_local/carparking"/>
    <property name="os.arch" value="amd64"/>
    <property name="java.vm.specification.name" value="Java Virtual Machine Specification"/>
    <property name="java.awt.printerjob" value="sun.print.PSPrinterJob"/>
    <property name="sun.os.patch.level" value="unknown"/>
    <property name="java.library.path" value="/usr/java/packages/lib:/usr/lib/x86_64-linux-gnu/jni:/lib/x86_64-linux-gnu:/usr/lib/x86_64-linux-gnu:/usr/lib/jni:/lib:/usr/lib"/>
    <property name="java.vendor" value="Ubuntu"/>
    <property name="java.vm.info" value="mixed mode, sharing"/>
    <property name="java.vm.version" value="11.0.7+10-post-Ubuntu-3ubuntu1"/>
    <property name="sun.io.unicode.encoding" value="UnicodeLittle"/>
    <property name="java.class.version" value="55.0"/>
  </properties>
  <testcase name="contextLoads" classname="edu.nwmissouri.mobile.carparking.CarparkingApplicationTests" time="0.283"/>
</testsuite>